13:54:06 **** Incremental Build of configuration Debug for project UartUnknownLength ****
make -j12 all 
arm-none-eabi-gcc "../Core/Src/main.c" -mcpu=cortex-m33 -std=gnu11 -g3 -DDEBUG -DUSE_HAL_DRIVER -DSTM32U585xx -c -I../Core/Inc -I../Drivers/STM32U5xx_HAL_Driver/Inc -I../Drivers/STM32U5xx_HAL_Driver/Inc/Legacy -I../Drivers/CMSIS/Device/ST/STM32U5xx/Include -I../Drivers/CMSIS/Include -O0 -ffunction-sections -fdata-sections -Wall -fstack-usage -fcyclomatic-complexity -MMD -MP -MF"Core/Src/main.d" -MT"Core/Src/main.o" --specs=nano.specs -mfpu=fpv5-sp-d16 -mfloat-abi=hard -mthumb -o "Core/Src/main.o"
arm-none-eabi-gcc "../Core/Src/system_stm32u5xx.c" -mcpu=cortex-m33 -std=gnu11 -g3 -DDEBUG -DUSE_HAL_DRIVER -DSTM32U585xx -c -I../Core/Inc -I../Drivers/STM32U5xx_HAL_Driver/Inc -I../Drivers/STM32U5xx_HAL_Driver/Inc/Legacy -I../Drivers/CMSIS/Device/ST/STM32U5xx/Include -I../Drivers/CMSIS/Include -O0 -ffunction-sections -fdata-sections -Wall -fstack-usage -fcyclomatic-complexity -MMD -MP -MF"Core/Src/system_stm32u5xx.d" -MT"Core/Src/system_stm32u5xx.o" --specs=nano.specs -mfpu=fpv5-sp-d16 -mfloat-abi=hard -mthumb -o "Core/Src/system_stm32u5xx.o"
../Core/Src/main.c: In function 'main':
../Core/Src/main.c:97:3: warning: implicit declaration of function 'MX_DMA_Init'; did you mean 'HAL_DMA_Init'? [-Wimplicit-function-declaration]
   97 |   MX_DMA_Init();
      |   ^~~~~~~~~~~
      |   HAL_DMA_Init
arm-none-eabi-gcc -o "UartUnknownLength.elf" @"objects.list"   -mcpu=cortex-m33 -T"/home/tuna/STM32CubeIDE/workspace_1.15.1/SpiToUart/UartUnknownLength/STM32U585AIIXQ_FLASH.ld" --specs=nosys.specs -Wl,-Map="UartUnknownLength.map" -Wl,--gc-sections -static --specs=nano.specs -mfpu=fpv5-sp-d16 -mfloat-abi=hard -mthumb -Wl,--start-group -lc -lm -Wl,--end-group
/opt/st/stm32cubeide_1.15.1/plugins/com.st.stm32cube.ide.mcu.externaltools.gnu-tools-for-stm32.12.3.rel1.linux64_1.0.100.202403111256/tools/bin/../lib/gcc/arm-none-eabi/12.3.1/../../../../arm-none-eabi/bin/ld: ./Core/Src/main.o: in function `main':
/home/tuna/STM32CubeIDE/workspace_1.15.1/SpiToUart/UartUnknownLength/Debug/../Core/Src/main.c:97: undefined reference to `MX_DMA_Init'
collect2: error: ld returned 1 exit status
make: *** [makefile:64: UartUnknownLength.elf] Error 1
"make -j12 all" terminated with exit code 2. Build might be incomplete.

13:54:07 Build Failed. 2 errors, 1 warnings. (took 590ms)

